[2024-01-20 16:20:56.708] [pxr_streamer] [info] ***********  Log Begin **********
[2024-01-20 16:20:56.708] [pxr_streamer] [info] process id= 94196
[2024-01-20 16:20:56.708] [pxr_streamer] [info] [94196|36572]driver_impl.cpp:22 DriverImpl: Driver created, this= 0x121b57f2150
[2024-01-20 16:20:56.708] [pxr_streamer] [debug] [94196|36572]streaming_driver_interface_impl.cpp:20 StreamingDriverInterfaceImpl: callback= 0x1231c0acbf0, this= 0x1230eb2d280
[2024-01-20 16:20:56.708] [pxr_streamer] [debug] [94196|36572]streaming_driver_interface_impl.cpp:117 SetTrackingOrigin: tracking origin= Undefined, this= 0x1230eb2d280
[2024-01-20 16:20:56.708] [pxr_streamer] [error] [94196|36572]streaming_driver_interface_impl.cpp:119 SetTrackingOrigin: "not connected", connect_state_ != DriverConnectState::kRpcConnected, this= 0x1230eb2d280
[2024-01-20 16:20:56.708] [pxr_streamer] [info] [94196|36572]streaming_driver_interface_impl.cpp:39 ConnectToService: connect to service, this= 0x1230eb2d280
[2024-01-20 16:20:56.708] [pxr_streamer] [debug] [94196|84600]streaming_driver_interface_impl.cpp:343 InvokeConnectToService: connect to service, this= 0x1230eb2d280
[2024-01-20 16:20:56.708] [pxr_streamer] [debug] [94196|84600]transport_client_tcp2.cpp:33 Start: buffer size(send\recv): 1048576\1048576, this= 0x1230eb10aa0
[2024-01-20 16:20:56.708] [pxr_streamer] [info] [94196|84600]transport_client_tcp2.cpp:58 Start: server= 127.0.0.1:29000, local=0.0.0.0:0, this= 0x1230eb10aa0
[2024-01-20 16:20:56.708] [pxr_streamer] [info] [94196|89676]streaming_driver_interface_impl.cpp:141 NotifyConnectResult: connect to service, result= 0, this= 0x1230eb2d280
[2024-01-20 16:20:56.708] [pxr_streamer] [debug] [94196|89676]transport_client_tcp2.cpp:161 HandleConnect: local= 127.0.0.1:52577, this= 0x1230eb10aa0
[2024-01-20 16:20:56.708] [pxr_streamer] [debug] [94196|84600]streaming_driver_interface_impl.cpp:444 HandleTransportConnect: connect success, this= 0x1230eb2d280
[2024-01-20 16:20:56.709] [pxr_streamer] [info] [94196|84600]driver_impl.cpp:59 Connect: send connect request : { id = 7xg1TOjc, timestamp = 91098863, from = Driver, to = SRS, connection info : {id: "Z5DheVMHKCqKi9Ar\000" name: "Streaming Driver SDK\000" module_version: "1.1.1.1\000" protocol_version: "1.0.0.0\000"} }, this= 0x121b57f2150
[2024-01-20 16:20:56.709] [pxr_streamer] [info] [94196|84600]streaming_driver_interface_impl.cpp:332 StartRpcConnect: driver id= Z5DheVMHKCqKi9Ar, this= 0x1230eb2d280
[2024-01-20 16:20:56.709] [pxr_streamer] [info] [94196|84600]driver_impl.cpp:650 ProcessResponseMessage: received connect response : { id = SHMZncqw, timestamp = 91098863, from = SRS, to = Driver, req_id = 7xg1TOjc, result_code = 1 }, this= 0x121b57f2150
[2024-01-20 16:20:56.709] [pxr_streamer] [debug] [94196|84600]streaming_driver_interface_impl.cpp:174 NotifyDriverConnectResult: result= 0, this= 0x1230eb2d280
[2024-01-20 16:20:56.709] [pxr_streamer] [info] [94196|36572]streaming_driver_interface_impl.cpp:62 StartStreaming: (1920,1920), fps= 72, this= 0x1230eb2d280
[2024-01-20 16:20:56.709] [pxr_streamer] [error] [94196|36572]streaming_driver_interface_impl.cpp:65 StartStreaming: "device not connected", !device_connected_, this= 0x1230eb2d280
[2024-01-20 16:20:56.709] [pxr_streamer] [info] [94196|84600]driver_impl.cpp:447 ProcessNotifyMessage: received connect notify : { id = Kay72kBI, timestamp = 91098864, from = SRS, to = Driver, connection info: { id = PA8A10MGHC080016D, name = PICO 4 Pro, module_version = b7503, protocol_version = 1.1.0.0 } }, this= 0x121b57f2150
[2024-01-20 16:20:56.709] [pxr_streamer] [debug] [94196|84600]streaming_driver_interface_impl.cpp:216 NotifyDeviceConnected: device info= id= PA8A10MGHC080016D, name= PICO 4 Pro, module version= b7503, protocol version= 1.1.0.0, fov= 2,{0,0,0,0}, this= 0x1230eb2d280
[2024-01-20 16:20:56.710] [pxr_streamer] [info] [94196|84600]streaming_driver_interface_impl.cpp:62 StartStreaming: (1920,1920), fps= 72, this= 0x1230eb2d280
[2024-01-20 16:20:56.710] [pxr_streamer] [info] [94196|84600]driver_impl.cpp:207 StartStreaming: send start streaming request : { id = cOqzjadd, timestamp = 91098864, from = Driver, to = SRS, media config : {render_width: 1920 render_height: 1920 fps: 72}, this= 0x121b57f2150
[2024-01-20 16:20:56.710] [pxr_streamer] [info] [94196|84600]driver_impl.cpp:507 ProcessNotifyMessage: send update driver state request : , id = j5BLDvrR, timestamp = 91098864, from = SRS, to = Driver, streaming state : {streaming_state: kStreamingLaunching}, media config : {}, this= 0x121b57f2150
[2024-01-20 16:20:56.710] [pxr_streamer] [debug] [94196|84600]streaming_driver_interface_impl.cpp:252 NotifyStreamingStateUpdated: state= 1, config= (0,0), fps= 0, this= 0x1230eb2d280
[2024-01-20 16:21:12.161] [pxr_streamer] [info] [94196|84600]driver_impl.cpp:507 ProcessNotifyMessage: send update driver state request : , id = d2OniqJX, timestamp = 91114316, from = SRS, to = Driver, streaming state : {streaming_state: kStreamingReady}, media config : {render_width: 1920 render_height: 1920 fps: 72}, this= 0x121b57f2150
[2024-01-20 16:21:12.161] [pxr_streamer] [debug] [94196|84600]streaming_driver_interface_impl.cpp:252 NotifyStreamingStateUpdated: state= 2, config= (1920,1920), fps= 72, this= 0x1230eb2d280
[2024-01-20 16:21:12.164] [pxr_streamer] [warning] [94196|89676]transport_data_receiver.cpp:89 ProcessReceivedData: recv multi-packet,count = 2, this= 0x1230eb10c40
[2024-01-20 16:21:12.164] [pxr_streamer] [warning] [94196|89676]transport_data_receiver.cpp:89 ProcessReceivedData: recv multi-packet,count = 7, this= 0x1230eb10c40
[2024-01-20 16:21:12.164] [pxr_streamer] [warning] [94196|89676]transport_data_receiver.cpp:89 ProcessReceivedData: recv multi-packet,count = 2, this= 0x1230eb10c40
[2024-01-20 16:21:12.164] [pxr_streamer] [warning] [94196|89676]transport_data_receiver.cpp:89 ProcessReceivedData: recv multi-packet,count = 2, this= 0x1230eb10c40
[2024-01-20 16:21:56.819] [pxr_streamer] [info] [94196|36572]streaming_driver_interface_impl.cpp:78 StopStreaming: stop streaming, this= 0x1230eb2d280
[2024-01-20 16:21:56.819] [pxr_streamer] [info] [94196|84600]driver_impl.cpp:230 StopStreaming: send stop streaming request : { id = rffScqxc, timestamp = 91158975, from = Driver, to = SRS }, this= 0x121b57f2150
[2024-01-20 16:21:56.820] [pxr_streamer] [info] [94196|36572]streaming_driver_interface_impl.cpp:53 DisconnectFromService: disconnect from service, this= 0x1230eb2d280
[2024-01-20 16:21:56.820] [pxr_streamer] [debug] [94196|84600]streaming_driver_interface_impl.cpp:374 InvokeDisconnectFromService: disconnect from service, this= 0x1230eb2d280
[2024-01-20 16:21:56.820] [pxr_streamer] [info] [94196|84600]driver_impl.cpp:81 Disconnect: send disconnect request : { id = ntLvh9pi, timestamp = 91158976, from = Driver, to = SRS }, this= 0x121b57f2150
[2024-01-20 16:21:56.820] [pxr_streamer] [debug] [94196|84600]transport_client_tcp2.cpp:73 Stop: called, this= 0x1230eb10aa0
[2024-01-20 16:21:56.820] [pxr_streamer] [error] [94196|89676]transport_client_tcp2.cpp:116 operator (): recv error= 1236, msg= 由本地系统中止网络连接。, this= 0x1230eb10aa0
[2024-01-20 16:21:56.820] [pxr_streamer] [error] [94196|89676]transport_client_tcp2.cpp:129 HandleReceiveData: has been disconnected, this= 0x1230eb10aa0
[2024-01-20 16:21:56.820] [pxr_streamer] [error] [94196|89676]transport_client_tcp2.cpp:105 StartAyncRecv: has been disconnected, this= 0x1230eb10aa0
